2023-08-17 12:51:04 [restartedMain] INFO  c.o.a.d.b.ServiceDownloadJnsApplication-[StartupInfoLogger.java:55]-Starting ServiceDownloadJnsApplication using Java 1.8.0_221 on CWLT085 with PID 28428 (D:\Projects\Jan Suraksha\service-download-jns\service-download\target\classes started by maaz.shaikh in D:\Projects\Jan Suraksha\service-download-jns)
2023-08-17 12:51:04 [background-preinit] INFO  o.h.validator.internal.util.Version-[Version.java:21]-HV000001: Hibernate Validator 6.2.0.Final
2023-08-17 12:51:04 [restartedMain] INFO  c.o.a.d.b.ServiceDownloadJnsApplication-[SpringApplication.java:637]-No active profile set, falling back to default profiles: default
2023-08-17 12:51:04 [restartedMain] INFO  o.s.b.d.restart.ChangeableUrls-[DeferredLog.java:255]-The Class-Path manifest attribute in C:\Users\maaz.shaikh\.m2\repository\com\oracle\ojdbc\ojdbc8\19.3.0.0\ojdbc8-19.3.0.0.jar referenced one or more files that do not exist: file:/C:/Users/maaz.shaikh/.m2/repository/com/oracle/ojdbc/ojdbc8/19.3.0.0/oraclepki.jar
2023-08-17 12:51:04 [restartedMain] INFO  o.s.b.d.restart.ChangeableUrls-[DeferredLog.java:255]-The Class-Path manifest attribute in C:\Users\maaz.shaikh\.m2\repository\com\oracle\ojdbc\oraclepki\19.3.0.0\oraclepki-19.3.0.0.jar referenced one or more files that do not exist: file:/C:/Users/maaz.shaikh/.m2/repository/com/oracle/ojdbc/oraclepki/19.3.0.0/osdt_core.jar,file:/C:/Users/maaz.shaikh/.m2/repository/com/oracle/ojdbc/oraclepki/19.3.0.0/osdt_cert.jar,file:/C:/Users/maaz.shaikh/.m2/repository/com/oracle/ojdbc/oraclepki/oracle.osdt/osdt_core.jar,file:/C:/Users/maaz.shaikh/.m2/repository/com/oracle/ojdbc/oraclepki/oracle.osdt/osdt_cert.jar
2023-08-17 12:51:04 [restartedMain] INFO  o.s.b.d.restart.ChangeableUrls-[DeferredLog.java:255]-The Class-Path manifest attribute in C:\Users\maaz.shaikh\.m2\repository\org\apache\xmlgraphics\batik-js\1.7\batik-js-1.7.jar referenced one or more files that do not exist: file:/C:/Users/maaz.shaikh/.m2/repository/org/apache/xmlgraphics/batik-js/1.7/xbean.jar
2023-08-17 12:51:04 [restartedMain] INFO  o.s.b.d.restart.ChangeableUrls-[DeferredLog.java:255]-The Class-Path manifest attribute in C:\Users\maaz.shaikh\.m2\repository\xalan\xalan\2.6.0\xalan-2.6.0.jar referenced one or more files that do not exist: file:/C:/Users/maaz.shaikh/.m2/repository/xalan/xalan/2.6.0/xercesImpl.jar,file:/C:/Users/maaz.shaikh/.m2/repository/xalan/xalan/2.6.0/xml-apis.jar
2023-08-17 12:51:04 [restartedMain] INFO  o.s.b.d.e.DevToolsPropertyDefaultsPostProcessor-[DeferredLog.java:255]-Devtools property defaults active! Set 'spring.devtools.add-properties' to 'false' to disable
2023-08-17 12:51:04 [restartedMain] INFO  o.s.b.d.e.DevToolsPropertyDefaultsPostProcessor-[DeferredLog.java:255]-For additional web related logging consider setting the 'logging.level.web' property to 'DEBUG'
2023-08-17 12:51:05 [restartedMain] INFO  o.s.d.r.c.RepositoryConfigurationDelegate-[RepositoryConfigurationDelegate.java:132]-Bootstrapping Spring Data JPA repositories in DEFAULT mode.
2023-08-17 12:51:05 [restartedMain] INFO  o.s.d.r.c.RepositoryConfigurationDelegate-[RepositoryConfigurationDelegate.java:201]-Finished Spring Data repository scanning in 77 ms. Found 11 JPA repository interfaces.
2023-08-17 12:51:05 [restartedMain] INFO  o.s.d.r.c.RepositoryConfigurationDelegate-[RepositoryConfigurationDelegate.java:132]-Bootstrapping Spring Data JPA repositories in DEFAULT mode.
2023-08-17 12:51:05 [restartedMain] ERROR o.s.boot.SpringApplication-[SpringApplication.java:821]-Application run failed
java.lang.IllegalArgumentException: Could not resolve placeholder 'com.jns.service.publish.api.repository-package' in value "${com.jns.service.publish.api.repository-package}"
	at org.springframework.util.PropertyPlaceholderHelper.parseStringValue(PropertyPlaceholderHelper.java:180)
	at org.springframework.util.PropertyPlaceholderHelper.replacePlaceholders(PropertyPlaceholderHelper.java:126)
	at org.springframework.core.env.AbstractPropertyResolver.doResolvePlaceholders(AbstractPropertyResolver.java:239)
	at org.springframework.core.env.AbstractPropertyResolver.resolveRequiredPlaceholders(AbstractPropertyResolver.java:210)
	at org.springframework.core.env.AbstractEnvironment.resolveRequiredPlaceholders(AbstractEnvironment.java:630)
	at org.springframework.context.annotation.ClassPathScanningCandidateComponentProvider.resolveBasePackage(ClassPathScanningCandidateComponentProvider.java:478)
	at org.springframework.context.annotation.ClassPathScanningCandidateComponentProvider.scanCandidateComponents(ClassPathScanningCandidateComponentProvider.java:420)
	at org.springframework.context.annotation.ClassPathScanningCandidateComponentProvider.findCandidateComponents(ClassPathScanningCandidateComponentProvider.java:316)
	at org.springframework.data.repository.config.RepositoryComponentProvider.findCandidateComponents(RepositoryComponentProvider.java:123)
	at org.springframework.data.repository.config.RepositoryConfigurationSourceSupport.lambda$null$1(RepositoryConfigurationSourceSupport.java:80)
	at java.util.stream.ReferencePipeline$7$1.accept(ReferencePipeline.java:267)
	at java.util.Spliterators$IteratorSpliterator.tryAdvance(Spliterators.java:1812)
	at java.util.stream.StreamSpliterators$WrappingSpliterator.lambda$initPartialTraversalState$0(StreamSpliterators.java:294)
	at java.util.stream.StreamSpliterators$AbstractWrappingSpliterator.fillBuffer(StreamSpliterators.java:206)
	at java.util.stream.StreamSpliterators$AbstractWrappingSpliterator.doAdvance(StreamSpliterators.java:161)
	at java.util.stream.StreamSpliterators$WrappingSpliterator.tryAdvance(StreamSpliterators.java:300)
	at java.util.Spliterators$1Adapter.hasNext(Spliterators.java:681)
	at org.springframework.data.repository.config.RepositoryConfigurationExtensionSupport.getRepositoryConfigurations(RepositoryConfigurationExtensionSupport.java:92)
	at org.springframework.data.repository.config.RepositoryConfigurationDelegate.registerRepositoriesIn(RepositoryConfigurationDelegate.java:159)
	at org.springframework.data.repository.config.RepositoryBeanDefinitionRegistrarSupport.registerBeanDefinitions(RepositoryBeanDefinitionRegistrarSupport.java:106)
	at org.springframework.context.annotation.ConfigurationClassBeanDefinitionReader.lambda$loadBeanDefinitionsFromRegistrars$1(ConfigurationClassBeanDefinitionReader.java:396)
	at java.util.LinkedHashMap.forEach(LinkedHashMap.java:684)
	at org.springframework.context.annotation.ConfigurationClassBeanDefinitionReader.loadBeanDefinitionsFromRegistrars(ConfigurationClassBeanDefinitionReader.java:395)
	at org.springframework.context.annotation.ConfigurationClassBeanDefinitionReader.loadBeanDefinitionsForConfigurationClass(ConfigurationClassBeanDefinitionReader.java:157)
	at org.springframework.context.annotation.ConfigurationClassBeanDefinitionReader.loadBeanDefinitions(ConfigurationClassBeanDefinitionReader.java:129)
	at org.springframework.context.annotation.ConfigurationClassPostProcessor.processConfigBeanDefinitions(ConfigurationClassPostProcessor.java:343)
	at org.springframework.context.annotation.ConfigurationClassPostProcessor.postProcessBeanDefinitionRegistry(ConfigurationClassPostProcessor.java:247)
	at org.springframework.context.support.PostProcessorRegistrationDelegate.invokeBeanDefinitionRegistryPostProcessors(PostProcessorRegistrationDelegate.java:311)
	at org.springframework.context.support.PostProcessorRegistrationDelegate.invokeBeanFactoryPostProcessors(PostProcessorRegistrationDelegate.java:112)
	at org.springframework.context.support.AbstractApplicationContext.invokeBeanFactoryPostProcessors(AbstractApplicationContext.java:746)
	at org.springframework.context.support.AbstractApplicationContext.refresh(AbstractApplicationContext.java:564)
	at org.springframework.boot.web.servlet.context.ServletWebServerApplicationContext.refresh(ServletWebServerApplicationContext.java:145)
	at org.springframework.boot.SpringApplication.refresh(SpringApplication.java:732)
	at org.springframework.boot.SpringApplication.refreshContext(SpringApplication.java:414)
	at org.springframework.boot.SpringApplication.run(SpringApplication.java:302)
	at org.springframework.boot.SpringApplication.run(SpringApplication.java:1303)
	at org.springframework.boot.SpringApplication.run(SpringApplication.java:1292)
	at com.opl.api.download.boot.ServiceDownloadJnsApplication.main(ServiceDownloadJnsApplication.java:20)
	at sun.reflect.NativeMethodAccessorImpl.invoke0(Native Method)
	at sun.reflect.NativeMethodAccessorImpl.invoke(NativeMethodAccessorImpl.java:62)
	at sun.reflect.DelegatingMethodAccessorImpl.invoke(DelegatingMethodAccessorImpl.java:43)
	at java.lang.reflect.Method.invoke(Method.java:498)
	at org.springframework.boot.devtools.restart.RestartLauncher.run(RestartLauncher.java:49)
2023-08-17 12:56:21 [background-preinit] INFO  o.h.validator.internal.util.Version-[Version.java:21]-HV000001: Hibernate Validator 6.2.0.Final
2023-08-17 12:56:21 [restartedMain] INFO  c.o.a.d.b.ServiceDownloadJnsApplication-[StartupInfoLogger.java:55]-Starting ServiceDownloadJnsApplication using Java 1.8.0_221 on CWLT085 with PID 19440 (D:\Projects\Jan Suraksha\service-download-jns\service-download\target\classes started by maaz.shaikh in D:\Projects\Jan Suraksha\service-download-jns)
2023-08-17 12:56:21 [restartedMain] INFO  c.o.a.d.b.ServiceDownloadJnsApplication-[SpringApplication.java:637]-No active profile set, falling back to default profiles: default
2023-08-17 12:56:21 [restartedMain] INFO  o.s.b.d.restart.ChangeableUrls-[DeferredLog.java:255]-The Class-Path manifest attribute in C:\Users\maaz.shaikh\.m2\repository\com\oracle\ojdbc\ojdbc8\19.3.0.0\ojdbc8-19.3.0.0.jar referenced one or more files that do not exist: file:/C:/Users/maaz.shaikh/.m2/repository/com/oracle/ojdbc/ojdbc8/19.3.0.0/oraclepki.jar
2023-08-17 12:56:21 [restartedMain] INFO  o.s.b.d.restart.ChangeableUrls-[DeferredLog.java:255]-The Class-Path manifest attribute in C:\Users\maaz.shaikh\.m2\repository\com\oracle\ojdbc\oraclepki\19.3.0.0\oraclepki-19.3.0.0.jar referenced one or more files that do not exist: file:/C:/Users/maaz.shaikh/.m2/repository/com/oracle/ojdbc/oraclepki/19.3.0.0/osdt_core.jar,file:/C:/Users/maaz.shaikh/.m2/repository/com/oracle/ojdbc/oraclepki/19.3.0.0/osdt_cert.jar,file:/C:/Users/maaz.shaikh/.m2/repository/com/oracle/ojdbc/oraclepki/oracle.osdt/osdt_core.jar,file:/C:/Users/maaz.shaikh/.m2/repository/com/oracle/ojdbc/oraclepki/oracle.osdt/osdt_cert.jar
2023-08-17 12:56:21 [restartedMain] INFO  o.s.b.d.restart.ChangeableUrls-[DeferredLog.java:255]-The Class-Path manifest attribute in C:\Users\maaz.shaikh\.m2\repository\org\apache\xmlgraphics\batik-js\1.7\batik-js-1.7.jar referenced one or more files that do not exist: file:/C:/Users/maaz.shaikh/.m2/repository/org/apache/xmlgraphics/batik-js/1.7/xbean.jar
2023-08-17 12:56:21 [restartedMain] INFO  o.s.b.d.restart.ChangeableUrls-[DeferredLog.java:255]-The Class-Path manifest attribute in C:\Users\maaz.shaikh\.m2\repository\xalan\xalan\2.6.0\xalan-2.6.0.jar referenced one or more files that do not exist: file:/C:/Users/maaz.shaikh/.m2/repository/xalan/xalan/2.6.0/xercesImpl.jar,file:/C:/Users/maaz.shaikh/.m2/repository/xalan/xalan/2.6.0/xml-apis.jar
2023-08-17 12:56:21 [restartedMain] INFO  o.s.b.d.e.DevToolsPropertyDefaultsPostProcessor-[DeferredLog.java:255]-Devtools property defaults active! Set 'spring.devtools.add-properties' to 'false' to disable
2023-08-17 12:56:21 [restartedMain] INFO  o.s.b.d.e.DevToolsPropertyDefaultsPostProcessor-[DeferredLog.java:255]-For additional web related logging consider setting the 'logging.level.web' property to 'DEBUG'
2023-08-17 12:56:22 [restartedMain] INFO  o.s.d.r.c.RepositoryConfigurationDelegate-[RepositoryConfigurationDelegate.java:132]-Bootstrapping Spring Data JPA repositories in DEFAULT mode.
2023-08-17 12:56:22 [restartedMain] INFO  o.s.d.r.c.RepositoryConfigurationDelegate-[RepositoryConfigurationDelegate.java:201]-Finished Spring Data repository scanning in 96 ms. Found 15 JPA repository interfaces.
2023-08-17 12:56:24 [restartedMain] INFO  o.s.b.w.e.tomcat.TomcatWebServer-[TomcatWebServer.java:108]-Tomcat initialized with port(s): 8063 (http)
2023-08-17 12:56:24 [restartedMain] INFO  o.a.coyote.http11.Http11NioProtocol-[DirectJDKLog.java:173]-Initializing ProtocolHandler ["http-nio-8063"]
2023-08-17 12:56:24 [restartedMain] INFO  o.a.catalina.core.StandardService-[DirectJDKLog.java:173]-Starting service [Tomcat]
2023-08-17 12:56:24 [restartedMain] INFO  o.a.catalina.core.StandardEngine-[DirectJDKLog.java:173]-Starting Servlet engine: [Apache Tomcat/9.0.56]
2023-08-17 12:56:24 [restartedMain] INFO  o.a.c.c.C.[.[localhost].[/dn/jns]-[DirectJDKLog.java:173]-Initializing Spring embedded WebApplicationContext
2023-08-17 12:56:24 [restartedMain] INFO  o.s.b.w.s.c.ServletWebServerApplicationContext-[ServletWebServerApplicationContext.java:290]-Root WebApplicationContext: initialization completed in 2829 ms
2023-08-17 12:56:25 [restartedMain] WARN  o.s.b.w.s.c.AnnotationConfigServletWebServerApplicationContext-[AbstractApplicationContext.java:591]-Exception encountered during context initialization - cancelling refresh attempt: org.springframework.beans.factory.BeanCreationException: Error creating bean with name 'emFR' defined in class path resource [com/opl/jns/config/utils/PersistenceContextV3.class]: Bean instantiation via factory method failed; nested exception is org.springframework.beans.BeanInstantiationException: Failed to instantiate [org.springframework.orm.jpa.LocalContainerEntityManagerFactoryBean]: Factory method 'entityManagerFactory' threw exception; nested exception is java.lang.NullPointerException
2023-08-17 12:56:25 [restartedMain] INFO  o.a.catalina.core.StandardService-[DirectJDKLog.java:173]-Stopping service [Tomcat]
2023-08-17 12:56:25 [restartedMain] INFO  o.s.b.a.l.ConditionEvaluationReportLoggingListener-[ConditionEvaluationReportLoggingListener.java:136]-

Error starting ApplicationContext. To display the conditions report re-run your application with 'debug' enabled.
2023-08-17 12:56:25 [restartedMain] ERROR o.s.boot.SpringApplication-[SpringApplication.java:821]-Application run failed
org.springframework.beans.factory.BeanCreationException: Error creating bean with name 'emFR' defined in class path resource [com/opl/jns/config/utils/PersistenceContextV3.class]: Bean instantiation via factory method failed; nested exception is org.springframework.beans.BeanInstantiationException: Failed to instantiate [org.springframework.orm.jpa.LocalContainerEntityManagerFactoryBean]: Factory method 'entityManagerFactory' threw exception; nested exception is java.lang.NullPointerException
	at org.springframework.beans.factory.support.ConstructorResolver.instantiate(ConstructorResolver.java:658)
	at org.springframework.beans.factory.support.ConstructorResolver.instantiateUsingFactoryMethod(ConstructorResolver.java:486)
	at org.springframework.beans.factory.support.AbstractAutowireCapableBeanFactory.instantiateUsingFactoryMethod(AbstractAutowireCapableBeanFactory.java:1352)
	at org.springframework.beans.factory.support.AbstractAutowireCapableBeanFactory.createBeanInstance(AbstractAutowireCapableBeanFactory.java:1195)
	at org.springframework.beans.factory.support.AbstractAutowireCapableBeanFactory.doCreateBean(AbstractAutowireCapableBeanFactory.java:582)
	at org.springframework.beans.factory.support.AbstractAutowireCapableBeanFactory.createBean(AbstractAutowireCapableBeanFactory.java:542)
	at org.springframework.beans.factory.support.AbstractBeanFactory.lambda$doGetBean$0(AbstractBeanFactory.java:335)
	at org.springframework.beans.factory.support.DefaultSingletonBeanRegistry.getSingleton(DefaultSingletonBeanRegistry.java:234)
	at org.springframework.beans.factory.support.AbstractBeanFactory.doGetBean(AbstractBeanFactory.java:333)
	at org.springframework.beans.factory.support.AbstractBeanFactory.getBean(AbstractBeanFactory.java:208)
	at org.springframework.context.support.AbstractApplicationContext.getBean(AbstractApplicationContext.java:1154)
	at org.springframework.context.support.AbstractApplicationContext.finishBeanFactoryInitialization(AbstractApplicationContext.java:908)
	at org.springframework.context.support.AbstractApplicationContext.refresh(AbstractApplicationContext.java:583)
	at org.springframework.boot.web.servlet.context.ServletWebServerApplicationContext.refresh(ServletWebServerApplicationContext.java:145)
	at org.springframework.boot.SpringApplication.refresh(SpringApplication.java:732)
	at org.springframework.boot.SpringApplication.refreshContext(SpringApplication.java:414)
	at org.springframework.boot.SpringApplication.run(SpringApplication.java:302)
	at org.springframework.boot.SpringApplication.run(SpringApplication.java:1303)
	at org.springframework.boot.SpringApplication.run(SpringApplication.java:1292)
	at com.opl.api.download.boot.ServiceDownloadJnsApplication.main(ServiceDownloadJnsApplication.java:21)
	at sun.reflect.NativeMethodAccessorImpl.invoke0(Native Method)
	at sun.reflect.NativeMethodAccessorImpl.invoke(NativeMethodAccessorImpl.java:62)
	at sun.reflect.DelegatingMethodAccessorImpl.invoke(DelegatingMethodAccessorImpl.java:43)
	at java.lang.reflect.Method.invoke(Method.java:498)
	at org.springframework.boot.devtools.restart.RestartLauncher.run(RestartLauncher.java:49)
Caused by: org.springframework.beans.BeanInstantiationException: Failed to instantiate [org.springframework.orm.jpa.LocalContainerEntityManagerFactoryBean]: Factory method 'entityManagerFactory' threw exception; nested exception is java.lang.NullPointerException
	at org.springframework.beans.factory.support.SimpleInstantiationStrategy.instantiate(SimpleInstantiationStrategy.java:185)
	at org.springframework.beans.factory.support.ConstructorResolver.instantiate(ConstructorResolver.java:653)
	... 24 common frames omitted
Caused by: java.lang.NullPointerException: null
	at com.opl.jns.config.utils.PersistenceContextV3.entityManagerFactory(PersistenceContextV3.java:100)
	at com.opl.jns.config.utils.PersistenceContextV3$$EnhancerBySpringCGLIB$$bf251a31.CGLIB$entityManagerFactory$0(<generated>)
	at com.opl.jns.config.utils.PersistenceContextV3$$EnhancerBySpringCGLIB$$bf251a31$$FastClassBySpringCGLIB$$7218a367.invoke(<generated>)
	at org.springframework.cglib.proxy.MethodProxy.invokeSuper(MethodProxy.java:244)
	at org.springframework.context.annotation.ConfigurationClassEnhancer$BeanMethodInterceptor.intercept(ConfigurationClassEnhancer.java:331)
	at com.opl.jns.config.utils.PersistenceContextV3$$EnhancerBySpringCGLIB$$bf251a31.entityManagerFactory(<generated>)
	at sun.reflect.NativeMethodAccessorImpl.invoke0(Native Method)
	at sun.reflect.NativeMethodAccessorImpl.invoke(NativeMethodAccessorImpl.java:62)
	at sun.reflect.DelegatingMethodAccessorImpl.invoke(DelegatingMethodAccessorImpl.java:43)
	at java.lang.reflect.Method.invoke(Method.java:498)
	at org.springframework.beans.factory.support.SimpleInstantiationStrategy.instantiate(SimpleInstantiationStrategy.java:154)
	... 25 common frames omitted
2023-08-17 12:59:46 [background-preinit] INFO  o.h.validator.internal.util.Version-[Version.java:21]-HV000001: Hibernate Validator 6.2.0.Final
2023-08-17 12:59:46 [restartedMain] INFO  c.o.a.d.b.ServiceDownloadJnsApplication-[StartupInfoLogger.java:55]-Starting ServiceDownloadJnsApplication using Java 1.8.0_221 on CWLT085 with PID 17852 (D:\Projects\Jan Suraksha\service-download-jns\service-download\target\classes started by maaz.shaikh in D:\Projects\Jan Suraksha\service-download-jns)
2023-08-17 12:59:46 [restartedMain] INFO  c.o.a.d.b.ServiceDownloadJnsApplication-[SpringApplication.java:637]-No active profile set, falling back to default profiles: default
2023-08-17 12:59:46 [restartedMain] INFO  o.s.b.d.restart.ChangeableUrls-[DeferredLog.java:255]-The Class-Path manifest attribute in C:\Users\maaz.shaikh\.m2\repository\com\oracle\ojdbc\ojdbc8\19.3.0.0\ojdbc8-19.3.0.0.jar referenced one or more files that do not exist: file:/C:/Users/maaz.shaikh/.m2/repository/com/oracle/ojdbc/ojdbc8/19.3.0.0/oraclepki.jar
2023-08-17 12:59:46 [restartedMain] INFO  o.s.b.d.restart.ChangeableUrls-[DeferredLog.java:255]-The Class-Path manifest attribute in C:\Users\maaz.shaikh\.m2\repository\com\oracle\ojdbc\oraclepki\19.3.0.0\oraclepki-19.3.0.0.jar referenced one or more files that do not exist: file:/C:/Users/maaz.shaikh/.m2/repository/com/oracle/ojdbc/oraclepki/19.3.0.0/osdt_core.jar,file:/C:/Users/maaz.shaikh/.m2/repository/com/oracle/ojdbc/oraclepki/19.3.0.0/osdt_cert.jar,file:/C:/Users/maaz.shaikh/.m2/repository/com/oracle/ojdbc/oraclepki/oracle.osdt/osdt_core.jar,file:/C:/Users/maaz.shaikh/.m2/repository/com/oracle/ojdbc/oraclepki/oracle.osdt/osdt_cert.jar
2023-08-17 12:59:46 [restartedMain] INFO  o.s.b.d.restart.ChangeableUrls-[DeferredLog.java:255]-The Class-Path manifest attribute in C:\Users\maaz.shaikh\.m2\repository\org\apache\xmlgraphics\batik-js\1.7\batik-js-1.7.jar referenced one or more files that do not exist: file:/C:/Users/maaz.shaikh/.m2/repository/org/apache/xmlgraphics/batik-js/1.7/xbean.jar
2023-08-17 12:59:46 [restartedMain] INFO  o.s.b.d.restart.ChangeableUrls-[DeferredLog.java:255]-The Class-Path manifest attribute in C:\Users\maaz.shaikh\.m2\repository\xalan\xalan\2.6.0\xalan-2.6.0.jar referenced one or more files that do not exist: file:/C:/Users/maaz.shaikh/.m2/repository/xalan/xalan/2.6.0/xercesImpl.jar,file:/C:/Users/maaz.shaikh/.m2/repository/xalan/xalan/2.6.0/xml-apis.jar
2023-08-17 12:59:46 [restartedMain] INFO  o.s.b.d.e.DevToolsPropertyDefaultsPostProcessor-[DeferredLog.java:255]-Devtools property defaults active! Set 'spring.devtools.add-properties' to 'false' to disable
2023-08-17 12:59:46 [restartedMain] INFO  o.s.b.d.e.DevToolsPropertyDefaultsPostProcessor-[DeferredLog.java:255]-For additional web related logging consider setting the 'logging.level.web' property to 'DEBUG'
2023-08-17 12:59:47 [restartedMain] INFO  o.s.d.r.c.RepositoryConfigurationDelegate-[RepositoryConfigurationDelegate.java:132]-Bootstrapping Spring Data JPA repositories in DEFAULT mode.
2023-08-17 12:59:47 [restartedMain] INFO  o.s.d.r.c.RepositoryConfigurationDelegate-[RepositoryConfigurationDelegate.java:201]-Finished Spring Data repository scanning in 107 ms. Found 15 JPA repository interfaces.
2023-08-17 12:59:49 [restartedMain] INFO  o.s.b.w.e.tomcat.TomcatWebServer-[TomcatWebServer.java:108]-Tomcat initialized with port(s): 8063 (http)
2023-08-17 12:59:49 [restartedMain] INFO  o.a.coyote.http11.Http11NioProtocol-[DirectJDKLog.java:173]-Initializing ProtocolHandler ["http-nio-8063"]
2023-08-17 12:59:49 [restartedMain] INFO  o.a.catalina.core.StandardService-[DirectJDKLog.java:173]-Starting service [Tomcat]
2023-08-17 12:59:49 [restartedMain] INFO  o.a.catalina.core.StandardEngine-[DirectJDKLog.java:173]-Starting Servlet engine: [Apache Tomcat/9.0.56]
2023-08-17 12:59:49 [restartedMain] INFO  o.a.c.c.C.[.[localhost].[/dn/jns]-[DirectJDKLog.java:173]-Initializing Spring embedded WebApplicationContext
2023-08-17 12:59:49 [restartedMain] INFO  o.s.b.w.s.c.ServletWebServerApplicationContext-[ServletWebServerApplicationContext.java:290]-Root WebApplicationContext: initialization completed in 2837 ms
2023-08-17 12:59:50 [restartedMain] WARN  o.s.b.w.s.c.AnnotationConfigServletWebServerApplicationContext-[AbstractApplicationContext.java:591]-Exception encountered during context initialization - cancelling refresh attempt: org.springframework.beans.factory.BeanCreationException: Error creating bean with name 'emFR' defined in class path resource [com/opl/jns/config/utils/PersistenceContextV3.class]: Bean instantiation via factory method failed; nested exception is org.springframework.beans.BeanInstantiationException: Failed to instantiate [org.springframework.orm.jpa.LocalContainerEntityManagerFactoryBean]: Factory method 'entityManagerFactory' threw exception; nested exception is java.lang.NullPointerException
2023-08-17 12:59:50 [restartedMain] INFO  o.a.catalina.core.StandardService-[DirectJDKLog.java:173]-Stopping service [Tomcat]
2023-08-17 12:59:50 [restartedMain] INFO  o.s.b.a.l.ConditionEvaluationReportLoggingListener-[ConditionEvaluationReportLoggingListener.java:136]-

Error starting ApplicationContext. To display the conditions report re-run your application with 'debug' enabled.
2023-08-17 12:59:50 [restartedMain] ERROR o.s.boot.SpringApplication-[SpringApplication.java:821]-Application run failed
org.springframework.beans.factory.BeanCreationException: Error creating bean with name 'emFR' defined in class path resource [com/opl/jns/config/utils/PersistenceContextV3.class]: Bean instantiation via factory method failed; nested exception is org.springframework.beans.BeanInstantiationException: Failed to instantiate [org.springframework.orm.jpa.LocalContainerEntityManagerFactoryBean]: Factory method 'entityManagerFactory' threw exception; nested exception is java.lang.NullPointerException
	at org.springframework.beans.factory.support.ConstructorResolver.instantiate(ConstructorResolver.java:658)
	at org.springframework.beans.factory.support.ConstructorResolver.instantiateUsingFactoryMethod(ConstructorResolver.java:486)
	at org.springframework.beans.factory.support.AbstractAutowireCapableBeanFactory.instantiateUsingFactoryMethod(AbstractAutowireCapableBeanFactory.java:1352)
	at org.springframework.beans.factory.support.AbstractAutowireCapableBeanFactory.createBeanInstance(AbstractAutowireCapableBeanFactory.java:1195)
	at org.springframework.beans.factory.support.AbstractAutowireCapableBeanFactory.doCreateBean(AbstractAutowireCapableBeanFactory.java:582)
	at org.springframework.beans.factory.support.AbstractAutowireCapableBeanFactory.createBean(AbstractAutowireCapableBeanFactory.java:542)
	at org.springframework.beans.factory.support.AbstractBeanFactory.lambda$doGetBean$0(AbstractBeanFactory.java:335)
	at org.springframework.beans.factory.support.DefaultSingletonBeanRegistry.getSingleton(DefaultSingletonBeanRegistry.java:234)
	at org.springframework.beans.factory.support.AbstractBeanFactory.doGetBean(AbstractBeanFactory.java:333)
	at org.springframework.beans.factory.support.AbstractBeanFactory.getBean(AbstractBeanFactory.java:208)
	at org.springframework.context.support.AbstractApplicationContext.getBean(AbstractApplicationContext.java:1154)
	at org.springframework.context.support.AbstractApplicationContext.finishBeanFactoryInitialization(AbstractApplicationContext.java:908)
	at org.springframework.context.support.AbstractApplicationContext.refresh(AbstractApplicationContext.java:583)
	at org.springframework.boot.web.servlet.context.ServletWebServerApplicationContext.refresh(ServletWebServerApplicationContext.java:145)
	at org.springframework.boot.SpringApplication.refresh(SpringApplication.java:732)
	at org.springframework.boot.SpringApplication.refreshContext(SpringApplication.java:414)
	at org.springframework.boot.SpringApplication.run(SpringApplication.java:302)
	at org.springframework.boot.SpringApplication.run(SpringApplication.java:1303)
	at org.springframework.boot.SpringApplication.run(SpringApplication.java:1292)
	at com.opl.api.download.boot.ServiceDownloadJnsApplication.main(ServiceDownloadJnsApplication.java:21)
	at sun.reflect.NativeMethodAccessorImpl.invoke0(Native Method)
	at sun.reflect.NativeMethodAccessorImpl.invoke(NativeMethodAccessorImpl.java:62)
	at sun.reflect.DelegatingMethodAccessorImpl.invoke(DelegatingMethodAccessorImpl.java:43)
	at java.lang.reflect.Method.invoke(Method.java:498)
	at org.springframework.boot.devtools.restart.RestartLauncher.run(RestartLauncher.java:49)
Caused by: org.springframework.beans.BeanInstantiationException: Failed to instantiate [org.springframework.orm.jpa.LocalContainerEntityManagerFactoryBean]: Factory method 'entityManagerFactory' threw exception; nested exception is java.lang.NullPointerException
	at org.springframework.beans.factory.support.SimpleInstantiationStrategy.instantiate(SimpleInstantiationStrategy.java:185)
	at org.springframework.beans.factory.support.ConstructorResolver.instantiate(ConstructorResolver.java:653)
	... 24 common frames omitted
Caused by: java.lang.NullPointerException: null
	at com.opl.jns.config.utils.PersistenceContextV3.entityManagerFactory(PersistenceContextV3.java:100)
	at com.opl.jns.config.utils.PersistenceContextV3$$EnhancerBySpringCGLIB$$71d481ab.CGLIB$entityManagerFactory$0(<generated>)
	at com.opl.jns.config.utils.PersistenceContextV3$$EnhancerBySpringCGLIB$$71d481ab$$FastClassBySpringCGLIB$$60e28d36.invoke(<generated>)
	at org.springframework.cglib.proxy.MethodProxy.invokeSuper(MethodProxy.java:244)
	at org.springframework.context.annotation.ConfigurationClassEnhancer$BeanMethodInterceptor.intercept(ConfigurationClassEnhancer.java:331)
	at com.opl.jns.config.utils.PersistenceContextV3$$EnhancerBySpringCGLIB$$71d481ab.entityManagerFactory(<generated>)
	at sun.reflect.NativeMethodAccessorImpl.invoke0(Native Method)
	at sun.reflect.NativeMethodAccessorImpl.invoke(NativeMethodAccessorImpl.java:62)
	at sun.reflect.DelegatingMethodAccessorImpl.invoke(DelegatingMethodAccessorImpl.java:43)
	at java.lang.reflect.Method.invoke(Method.java:498)
	at org.springframework.beans.factory.support.SimpleInstantiationStrategy.instantiate(SimpleInstantiationStrategy.java:154)
	... 25 common frames omitted
